{"/var/www/SP_MOCHA/test2.js":{"path":"/var/www/SP_MOCHA/test2.js","s":{"1":1,"2":1,"3":1,"4":1,"5":1,"6":1,"7":1,"8":1,"9":1,"10":1,"11":1,"12":1,"13":1,"14":1,"15":1},"b":{},"f":{"1":1,"2":1,"3":1,"4":1,"5":1},"fnMap":{"1":{"name":"(anonymous_1)","line":10,"loc":{"start":{"line":10,"column":28},"end":{"line":10,"column":38}}},"2":{"name":"(anonymous_2)","line":14,"loc":{"start":{"line":14,"column":31},"end":{"line":14,"column":45}}},"3":{"name":"(anonymous_3)","line":19,"loc":{"start":{"line":19,"column":9},"end":{"line":19,"column":26}}},"4":{"name":"(anonymous_4)","line":28,"loc":{"start":{"line":28,"column":29},"end":{"line":28,"column":43}}},"5":{"name":"(anonymous_5)","line":36,"loc":{"start":{"line":36,"column":9},"end":{"line":36,"column":26}}}},"statementMap":{"1":{"start":{"line":1,"column":0},"end":{"line":1,"column":37}},"2":{"start":{"line":2,"column":0},"end":{"line":2,"column":31}},"3":{"start":{"line":6,"column":0},"end":{"line":6,"column":54}},"4":{"start":{"line":10,"column":0},"end":{"line":44,"column":3}},"5":{"start":{"line":14,"column":2},"end":{"line":26,"column":5}},"6":{"start":{"line":15,"column":4},"end":{"line":25,"column":7}},"7":{"start":{"line":21,"column":6},"end":{"line":21,"column":35}},"8":{"start":{"line":23,"column":6},"end":{"line":23,"column":41}},"9":{"start":{"line":24,"column":6},"end":{"line":24,"column":13}},"10":{"start":{"line":28,"column":2},"end":{"line":42,"column":5}},"11":{"start":{"line":31,"column":4},"end":{"line":41,"column":7}},"12":{"start":{"line":37,"column":6},"end":{"line":37,"column":35}},"13":{"start":{"line":38,"column":6},"end":{"line":38,"column":41}},"14":{"start":{"line":39,"column":6},"end":{"line":39,"column":37}},"15":{"start":{"line":40,"column":6},"end":{"line":40,"column":13}}},"branchMap":{}}}